Arguments: 
  C:\Program Files\nodejs\node.exe C:\Program Files\nodejs\node_modules\yarn\bin\yarn.js

PATH: 
  C:\WINDOWS\system32;C:\WINDOWS;C:\WINDOWS\System32\Wbem;C:\WINDOWS\System32\WindowsPowerShell\v1.0\;C:\WINDOWS\System32\OpenSSH\;D:\orosound\tools\Git\cmd;C:\Users\Oro-ltp20\AppData\Roaming\nvm;C:\Program Files\nodejs;C:\Users\Oro-ltp20\anaconda3;C:\Users\Oro-ltp20\anaconda3\Library\mingw-w64\bin;C:\Users\Oro-ltp20\anaconda3\Library\usr\bin;C:\Users\Oro-ltp20\anaconda3\Library\bin;C:\Users\Oro-ltp20\anaconda3\Scripts;C:\Users\Oro-ltp20\AppData\Local\Microsoft\WindowsApps;D:\orosound\tools\Microsoft VS Code\bin;C:\Users\Oro-ltp20\AppData\Roaming\nvm;C:\Program Files\nodejs;C:\Program Files\heroku\bin

Yarn version: 
  1.22.19

Node version: 
  14.20.1

Platform: 
  win32 x64

Trace: 
  Error: https://npm.pkg.github.com/@orosound%2fhid: unauthenticated: User cannot be authenticated with the token provided.
      at Request.params.callback [as _callback] (C:\Users\Oro-ltp20\AppData\Roaming\nvm\v14.20.1\node_modules\yarn\lib\cli.js:66145:18)
      at Request.self.callback (C:\Users\Oro-ltp20\AppData\Roaming\nvm\v14.20.1\node_modules\yarn\lib\cli.js:140890:22)
      at Request.emit (events.js:400:28)
      at Request.<anonymous> (C:\Users\Oro-ltp20\AppData\Roaming\nvm\v14.20.1\node_modules\yarn\lib\cli.js:141862:10)
      at Request.emit (events.js:400:28)
      at IncomingMessage.<anonymous> (C:\Users\Oro-ltp20\AppData\Roaming\nvm\v14.20.1\node_modules\yarn\lib\cli.js:141784:12)
      at Object.onceWrapper (events.js:519:28)
      at IncomingMessage.emit (events.js:412:35)
      at endReadableNT (internal/streams/readable.js:1333:12)
      at processTicksAndRejections (internal/process/task_queues.js:82:21)

npm manifest: 
  {
    "name": "vite-electron-builder",
    "description": "Secure boilerplate for Electron app based on Vite",
    "private": true,
    "author": {
      "email": "kozackunisoft@gmail.com",
      "name": "Alex Kozack",
      "url": "https://kozack.me"
    },
    "main": "packages/main/dist/index.cjs",
    "scripts": {
      "build": "npm run build:main && npm run build:preload && npm run build:renderer",
      "build:main": "cd ./packages/main && vite build",
      "build:preload": "cd ./packages/preload && vite build",
      "build:renderer": "cd ./packages/renderer && vite build",
      "compile": "cross-env MODE=production npm run build && electron-builder build --config .electron-builder.config.js --dir --config.asar=false",
      "test": "npm run test:main && npm run test:preload && npm run test:renderer && npm run test:e2e",
      "test:e2e": "npm run build && vitest run",
      "test:main": "vitest run -r packages/main --passWithNoTests",
      "test:preload": "vitest run -r packages/preload --passWithNoTests",
      "test:renderer": "vitest run -r packages/renderer --passWithNoTests",
      "watch": "node scripts/watch.mjs",
      "lint": "eslint . --ext js,mjs,cjs,ts,mts,cts,vue",
      "typecheck:main": "tsc --noEmit -p packages/main/tsconfig.json",
      "typecheck:preload": "tsc --noEmit -p packages/preload/tsconfig.json",
      "typecheck:renderer": "tsc --noEmit -p packages/renderer/tsconfig.json",
      "typecheck": "npm run typecheck:main && npm run typecheck:preload && npm run typecheck:renderer",
      "postinstall": "cross-env ELECTRON_RUN_AS_NODE=1 electron scripts/update-electron-vendors.mjs",
      "format": "npx prettier --write \"**/*.{js,mjs,cjs,ts,mts,cts,vue,json}\""
    },
    "devDependencies": {
      "@types/react": "^18.0.21",
      "@types/react-dom": "^18.0.6",
      "@types/react-table": "^7.7.12",
      "@types/styled-components": "^5.1.26",
      "@typescript-eslint/eslint-plugin": "5.38.0",
      "@types/node-hid": "^1.3.1",
      "cross-env": "7.0.3",
      "electron": "20.2.0",
      "electron-builder": "23.3.3",
      "electron-rebuild": "^3.2.9",
      "eslint": "8.24.0",
      "eslint-plugin-vue": "9.5.1",
      "happy-dom": "6.0.4",
      "nano-staged": "0.8.0",
      "playwright": "1.26.0",
      "simple-git-hooks": "2.8.0",
      "typescript": "^4.8.4",
      "unplugin-auto-expose": "0.0.3",
      "vite": "3.1.3",
      "vitest": "0.23.4"
    },
    "dependencies": {
      "@orosound/hid": "^0.2.3",
      "@orosound/node-sdk": "^0.3.1",
      "@orosound/orocom": "^2.4.2",
      "@orosound/sdk-tilde": "^0.2.1",
      "@typescript-eslint/parser": "^5.40.0",
      "@vitejs/plugin-react": "^2.1.0",
      "electron-updater": "5.2.1",
      "node-hid": "^2.1.2",
      "react": "^18.2.0",
      "react-dom": "^18.2.0",
      "react-table": "^7.8.0",
      "styled-components": "^5.3.6",
      "usb-detection": "^4.14.1"
    }
  }

yarn manifest: 
  No manifest

Lockfile: 
  No lockfile
